# JRE version: Java(TM) SE Runtime Environment (8.0_40-b25) (build 1.8.0_40-b25)
# Java VM: Java HotSpot(TM) 64-Bit Server VM (25.40-b25 mixed mode windows-amd64 compressed oops)
Heap:
 PSYoungGen      total 165376K, used 3701K [0x00000000f5580000, 0x00000000ff800000, 0x0000000100000000)
  eden space 164352K, 2% used [0x00000000f5580000,0x00000000f591d5e8,0x00000000ff600000)
  from space 1024K, 0% used [0x00000000ff700000,0x00000000ff700000,0x00000000ff800000)
  to   space 1024K, 0% used [0x00000000ff600000,0x00000000ff600000,0x00000000ff700000)
 ParOldGen       total 74240K, used 62045K [0x00000000e0000000, 0x00000000e4880000, 0x00000000f5580000)
  object space 74240K, 83% used [0x00000000e0000000,0x00000000e3c97530,0x00000000e4880000)
 Metaspace       used 81353K, capacity 88108K, committed 88448K, reserved 1126400K
  class space    used 9627K, capacity 11808K, committed 11904K, reserved 1048576K
GC Heap History (10 events):
Event: 15867.132 GC heap before
{Heap before GC invocations=540 (full 264):
 PSYoungGen      total 165376K, used 160K [0x00000000f5580000, 0x00000000ff800000, 0x0000000100000000)
  eden space 164352K, 0% used [0x00000000f5580000,0x00000000f5580000,0x00000000ff600000)
  from space 1024K, 15% used [0x00000000ff700000,0x00000000ff728000,0x00000000ff800000)
  to   space 1024K, 0% used [0x00000000ff600000,0x00000000ff600000,0x00000000ff700000)
 ParOldGen       total 74240K, used 62045K [0x00000000e0000000, 0x00000000e4880000, 0x00000000f5580000)
  object space 74240K, 83% used [0x00000000e0000000,0x00000000e3c97750,0x00000000e4880000)
 Metaspace       used 81307K, capacity 88108K, committed 88448K, reserved 1126400K
  class space    used 9618K, capacity 11808K, committed 11904K, reserved 1048576K
Event: 15867.226 GC heap after
Heap after GC invocations=540 (full 264):
 PSYoungGen      total 165376K, used 0K [0x00000000f5580000, 0x00000000ff800000, 0x0000000100000000)
  eden space 164352K, 0% used [0x00000000f5580000,0x00000000f5580000,0x00000000ff600000)
  from space 1024K, 0% used [0x00000000ff700000,0x00000000ff700000,0x00000000ff800000)
  to   space 1024K, 0% used [0x00000000ff600000,0x00000000ff600000,0x00000000ff700000)
 ParOldGen       total 74240K, used 62045K [0x00000000e0000000, 0x00000000e4880000, 0x00000000f5580000)
  object space 74240K, 83% used [0x00000000e0000000,0x00000000e3c97750,0x00000000e4880000)
 Metaspace       used 81307K, capacity 88108K, committed 88448K, reserved 1126400K
  class space    used 9618K, capacity 11808K, committed 11904K, reserved 1048576K
}
Event: 15927.131 GC heap before
{Heap before GC invocations=541 (full 264):
 PSYoungGen      total 165376K, used 9572K [0x00000000f5580000, 0x00000000ff800000, 0x0000000100000000)
  eden space 164352K, 5% used [0x00000000f5580000,0x00000000f5ed9288,0x00000000ff600000)
  from space 1024K, 0% used [0x00000000ff700000,0x00000000ff700000,0x00000000ff800000)
  to   space 1024K, 0% used [0x00000000ff600000,0x00000000ff600000,0x00000000ff700000)
 ParOldGen       total 74240K, used 62045K [0x00000000e0000000, 0x00000000e4880000, 0x00000000f5580000)
  object space 74240K, 83% used [0x00000000e0000000,0x00000000e3c97750,0x00000000e4880000)
 Metaspace       used 81307K, capacity 88108K, committed 88448K, reserved 1126400K
  class space    used 9618K, capacity 11808K, committed 11904K, reserved 1048576K
Event: 15927.138 GC heap after
Heap after GC invocations=541 (full 264):
 PSYoungGen      total 165376K, used 576K [0x00000000f5580000, 0x00000000ff800000, 0x0000000100000000)
  eden space 164352K, 0% used [0x00000000f5580000,0x00000000f5580000,0x00000000ff600000)
  from space 1024K, 56% used [0x00000000ff600000,0x00000000ff690000,0x00000000ff700000)
  to   space 1024K, 0% used [0x00000000ff700000,0x00000000ff700000,0x00000000ff800000)
 ParOldGen       total 74240K, used 62045K [0x00000000e0000000, 0x00000000e4880000, 0x00000000f5580000)
  object space 74240K, 83% used [0x00000000e0000000,0x00000000e3c97750,0x00000000e4880000)
 Metaspace       used 81307K, capacity 88108K, committed 88448K, reserved 1126400K
  class space    used 9618K, capacity 11808K, committed 11904K, reserved 1048576K
}
Event: 15927.138 GC heap before
{Heap before GC invocations=542 (full 265):
 PSYoungGen      total 165376K, used 576K [0x00000000f5580000, 0x00000000ff800000, 0x0000000100000000)
  eden space 164352K, 0% used [0x00000000f5580000,0x00000000f5580000,0x00000000ff600000)
  from space 1024K, 56% used [0x00000000ff600000,0x00000000ff690000,0x00000000ff700000)
  to   space 1024K, 0% used [0x00000000ff700000,0x00000000ff700000,0x00000000ff800000)
 ParOldGen       total 74240K, used 62045K [0x00000000e0000000, 0x00000000e4880000, 0x00000000f5580000)
  object space 74240K, 83% used [0x00000000e0000000,0x00000000e3c97750,0x00000000e4880000)
 Metaspace       used 81307K, capacity 88108K, committed 88448K, reserved 1126400K
  class space    used 9618K, capacity 11808K, committed 11904K, reserved 1048576K
Event: 15927.256 GC heap after
Heap after GC invocations=542 (full 265):
 PSYoungGen      total 165376K, used 0K [0x00000000f5580000, 0x00000000ff800000, 0x0000000100000000)
  eden space 164352K, 0% used [0x00000000f5580000,0x00000000f5580000,0x00000000ff600000)
  from space 1024K, 0% used [0x00000000ff600000,0x00000000ff600000,0x00000000ff700000)
  to   space 1024K, 0% used [0x00000000ff700000,0x00000000ff700000,0x00000000ff800000)
 ParOldGen       total 74240K, used 62187K [0x00000000e0000000, 0x00000000e4880000, 0x00000000f5580000)
  object space 74240K, 83% used [0x00000000e0000000,0x00000000e3cbaf70,0x00000000e4880000)
 Metaspace       used 81307K, capacity 88108K, committed 88448K, reserved 1126400K
  class space    used 9618K, capacity 11808K, committed 11904K, reserved 1048576K
}
Event: 15987.147 GC heap before
{Heap before GC invocations=543 (full 265):
 PSYoungGen      total 165376K, used 3409K [0x00000000f5580000, 0x00000000ff800000, 0x0000000100000000)
  eden space 164352K, 2% used [0x00000000f5580000,0x00000000f58d4440,0x00000000ff600000)
  from space 1024K, 0% used [0x00000000ff600000,0x00000000ff600000,0x00000000ff700000)
  to   space 1024K, 0% used [0x00000000ff700000,0x00000000ff700000,0x00000000ff800000)
 ParOldGen       total 74240K, used 62187K [0x00000000e0000000, 0x00000000e4880000, 0x00000000f5580000)
  object space 74240K, 83% used [0x00000000e0000000,0x00000000e3cbaf70,0x00000000e4880000)
 Metaspace       used 81307K, capacity 88108K, committed 88448K, reserved 1126400K
  class space    used 9618K, capacity 11808K, committed 11904K, reserved 1048576K
Event: 15987.153 GC heap after
Heap after GC invocations=543 (full 265):
 PSYoungGen      total 165376K, used 96K [0x00000000f5580000, 0x00000000ff800000, 0x0000000100000000)
  eden space 164352K, 0% used [0x00000000f5580000,0x00000000f5580000,0x00000000ff600000)
  from space 1024K, 9% used [0x00000000ff700000,0x00000000ff718000,0x00000000ff800000)
  to   space 1024K, 0% used [0x00000000ff600000,0x00000000ff600000,0x00000000ff700000)
 ParOldGen       total 74240K, used 62187K [0x00000000e0000000, 0x00000000e4880000, 0x00000000f5580000)
  object space 74240K, 83% used [0x00000000e0000000,0x00000000e3cbaf70,0x00000000e4880000)
 Metaspace       used 81307K, capacity 88108K, committed 88448K, reserved 1126400K
  class space    used 9618K, capacity 11808K, committed 11904K, reserved 1048576K
}
Event: 15987.153 GC heap before
{Heap before GC invocations=544 (full 266):
 PSYoungGen      total 165376K, used 96K [0x00000000f5580000, 0x00000000ff800000, 0x0000000100000000)
  eden space 164352K, 0% used [0x00000000f5580000,0x00000000f5580000,0x00000000ff600000)
  from space 1024K, 9% used [0x00000000ff700000,0x00000000ff718000,0x00000000ff800000)
  to   space 1024K, 0% used [0x00000000ff600000,0x00000000ff600000,0x00000000ff700000)
 ParOldGen       total 74240K, used 62187K [0x00000000e0000000, 0x00000000e4880000, 0x00000000f5580000)
  object space 74240K, 83% used [0x00000000e0000000,0x00000000e3cbaf70,0x00000000e4880000)
 Metaspace       used 81307K, capacity 88108K, committed 88448K, reserved 1126400K
  class space    used 9618K, capacity 11808K, committed 11904K, reserved 1048576K
Event: 15987.274 GC heap after
Heap after GC invocations=544 (full 266):
 PSYoungGen      total 165376K, used 0K [0x00000000f5580000, 0x00000000ff800000, 0x0000000100000000)
  eden space 164352K, 0% used [0x00000000f5580000,0x00000000f5580000,0x00000000ff600000)
  from space 1024K, 0% used [0x00000000ff700000,0x00000000ff700000,0x00000000ff800000)
  to   space 1024K, 0% used [0x00000000ff600000,0x00000000ff600000,0x00000000ff700000)
 ParOldGen       total 74240K, used 62045K [0x00000000e0000000, 0x00000000e4880000, 0x00000000f5580000)
  object space 74240K, 83% used [0x00000000e0000000,0x00000000e3c97530,0x00000000e4880000)
 Metaspace       used 81307K, capacity 88108K, committed 88448K, reserved 1126400K
  class space    used 9618K, capacity 11808K, committed 11904K, reserved 1048576K
}

