# JRE version: Java(TM) SE Runtime Environment (8.0_40-b25) (build 1.8.0_40-b25)
# Java VM: Java HotSpot(TM) 64-Bit Server VM (25.40-b25 mixed mode windows-amd64 compressed oops)
Heap:
 PSYoungGen      total 97280K, used 3720K [0x00000000f5580000, 0x00000000fb600000, 0x0000000100000000)
  eden space 95744K, 3% used [0x00000000f5580000,0x00000000f59222d0,0x00000000fb300000)
  from space 1536K, 0% used [0x00000000fb300000,0x00000000fb300000,0x00000000fb480000)
  to   space 1536K, 0% used [0x00000000fb480000,0x00000000fb480000,0x00000000fb600000)
 ParOldGen       total 86016K, used 54647K [0x00000000e0000000, 0x00000000e5400000, 0x00000000f5580000)
  object space 86016K, 63% used [0x00000000e0000000,0x00000000e355dcb8,0x00000000e5400000)
 Metaspace       used 79455K, capacity 86176K, committed 86528K, reserved 1124352K
  class space    used 9464K, capacity 11672K, committed 11776K, reserved 1048576K
GC Heap History (10 events):
Event: 4638.229 GC heap before
{Heap before GC invocations=171 (full 80):
 PSYoungGen      total 97280K, used 160K [0x00000000f5580000, 0x00000000fb600000, 0x0000000100000000)
  eden space 95744K, 0% used [0x00000000f5580000,0x00000000f5580000,0x00000000fb300000)
  from space 1536K, 10% used [0x00000000fb300000,0x00000000fb328000,0x00000000fb480000)
  to   space 1536K, 0% used [0x00000000fb480000,0x00000000fb480000,0x00000000fb600000)
 ParOldGen       total 86016K, used 54647K [0x00000000e0000000, 0x00000000e5400000, 0x00000000f5580000)
  object space 86016K, 63% used [0x00000000e0000000,0x00000000e355df60,0x00000000e5400000)
 Metaspace       used 79437K, capacity 86176K, committed 86528K, reserved 1124352K
  class space    used 9461K, capacity 11672K, committed 11776K, reserved 1048576K
Event: 4638.343 GC heap after
Heap after GC invocations=171 (full 80):
 PSYoungGen      total 97280K, used 0K [0x00000000f5580000, 0x00000000fb600000, 0x0000000100000000)
  eden space 95744K, 0% used [0x00000000f5580000,0x00000000f5580000,0x00000000fb300000)
  from space 1536K, 0% used [0x00000000fb300000,0x00000000fb300000,0x00000000fb480000)
  to   space 1536K, 0% used [0x00000000fb480000,0x00000000fb480000,0x00000000fb600000)
 ParOldGen       total 86016K, used 54647K [0x00000000e0000000, 0x00000000e5400000, 0x00000000f5580000)
  object space 86016K, 63% used [0x00000000e0000000,0x00000000e355dfa0,0x00000000e5400000)
 Metaspace       used 79437K, capacity 86176K, committed 86528K, reserved 1124352K
  class space    used 9461K, capacity 11672K, committed 11776K, reserved 1048576K
}
Event: 4698.231 GC heap before
{Heap before GC invocations=172 (full 80):
 PSYoungGen      total 97280K, used 2232K [0x00000000f5580000, 0x00000000fb600000, 0x0000000100000000)
  eden space 95744K, 2% used [0x00000000f5580000,0x00000000f57ae0a0,0x00000000fb300000)
  from space 1536K, 0% used [0x00000000fb300000,0x00000000fb300000,0x00000000fb480000)
  to   space 1536K, 0% used [0x00000000fb480000,0x00000000fb480000,0x00000000fb600000)
 ParOldGen       total 86016K, used 54647K [0x00000000e0000000, 0x00000000e5400000, 0x00000000f5580000)
  object space 86016K, 63% used [0x00000000e0000000,0x00000000e355dfa0,0x00000000e5400000)
 Metaspace       used 79437K, capacity 86176K, committed 86528K, reserved 1124352K
  class space    used 9461K, capacity 11672K, committed 11776K, reserved 1048576K
Event: 4698.237 GC heap after
Heap after GC invocations=172 (full 80):
 PSYoungGen      total 97280K, used 128K [0x00000000f5580000, 0x00000000fb600000, 0x0000000100000000)
  eden space 95744K, 0% used [0x00000000f5580000,0x00000000f5580000,0x00000000fb300000)
  from space 1536K, 8% used [0x00000000fb480000,0x00000000fb4a0000,0x00000000fb600000)
  to   space 1536K, 0% used [0x00000000fb300000,0x00000000fb300000,0x00000000fb480000)
 ParOldGen       total 86016K, used 54647K [0x00000000e0000000, 0x00000000e5400000, 0x00000000f5580000)
  object space 86016K, 63% used [0x00000000e0000000,0x00000000e355dfa0,0x00000000e5400000)
 Metaspace       used 79437K, capacity 86176K, committed 86528K, reserved 1124352K
  class space    used 9461K, capacity 11672K, committed 11776K, reserved 1048576K
}
Event: 4698.237 GC heap before
{Heap before GC invocations=173 (full 81):
 PSYoungGen      total 97280K, used 128K [0x00000000f5580000, 0x00000000fb600000, 0x0000000100000000)
  eden space 95744K, 0% used [0x00000000f5580000,0x00000000f5580000,0x00000000fb300000)
  from space 1536K, 8% used [0x00000000fb480000,0x00000000fb4a0000,0x00000000fb600000)
  to   space 1536K, 0% used [0x00000000fb300000,0x00000000fb300000,0x00000000fb480000)
 ParOldGen       total 86016K, used 54647K [0x00000000e0000000, 0x00000000e5400000, 0x00000000f5580000)
  object space 86016K, 63% used [0x00000000e0000000,0x00000000e355dfa0,0x00000000e5400000)
 Metaspace       used 79437K, capacity 86176K, committed 86528K, reserved 1124352K
  class space    used 9461K, capacity 11672K, committed 11776K, reserved 1048576K
Event: 4698.359 GC heap after
Heap after GC invocations=173 (full 81):
 PSYoungGen      total 97280K, used 0K [0x00000000f5580000, 0x00000000fb600000, 0x0000000100000000)
  eden space 95744K, 0% used [0x00000000f5580000,0x00000000f5580000,0x00000000fb300000)
  from space 1536K, 0% used [0x00000000fb480000,0x00000000fb480000,0x00000000fb600000)
  to   space 1536K, 0% used [0x00000000fb300000,0x00000000fb300000,0x00000000fb480000)
 ParOldGen       total 86016K, used 54647K [0x00000000e0000000, 0x00000000e5400000, 0x00000000f5580000)
  object space 86016K, 63% used [0x00000000e0000000,0x00000000e355dcd0,0x00000000e5400000)
 Metaspace       used 79437K, capacity 86176K, committed 86528K, reserved 1124352K
  class space    used 9461K, capacity 11672K, committed 11776K, reserved 1048576K
}
Event: 4758.249 GC heap before
{Heap before GC invocations=174 (full 81):
 PSYoungGen      total 97280K, used 2232K [0x00000000f5580000, 0x00000000fb600000, 0x0000000100000000)
  eden space 95744K, 2% used [0x00000000f5580000,0x00000000f57ae0a0,0x00000000fb300000)
  from space 1536K, 0% used [0x00000000fb480000,0x00000000fb480000,0x00000000fb600000)
  to   space 1536K, 0% used [0x00000000fb300000,0x00000000fb300000,0x00000000fb480000)
 ParOldGen       total 86016K, used 54647K [0x00000000e0000000, 0x00000000e5400000, 0x00000000f5580000)
  object space 86016K, 63% used [0x00000000e0000000,0x00000000e355dcd0,0x00000000e5400000)
 Metaspace       used 79437K, capacity 86176K, committed 86528K, reserved 1124352K
  class space    used 9461K, capacity 11672K, committed 11776K, reserved 1048576K
Event: 4758.252 GC heap after
Heap after GC invocations=174 (full 81):
 PSYoungGen      total 97280K, used 128K [0x00000000f5580000, 0x00000000fb600000, 0x0000000100000000)
  eden space 95744K, 0% used [0x00000000f5580000,0x00000000f5580000,0x00000000fb300000)
  from space 1536K, 8% used [0x00000000fb300000,0x00000000fb320000,0x00000000fb480000)
  to   space 1536K, 0% used [0x00000000fb480000,0x00000000fb480000,0x00000000fb600000)
 ParOldGen       total 86016K, used 54647K [0x00000000e0000000, 0x00000000e5400000, 0x00000000f5580000)
  object space 86016K, 63% used [0x00000000e0000000,0x00000000e355dcd0,0x00000000e5400000)
 Metaspace       used 79437K, capacity 86176K, committed 86528K, reserved 1124352K
  class space    used 9461K, capacity 11672K, committed 11776K, reserved 1048576K
}
Event: 4758.252 GC heap before
{Heap before GC invocations=175 (full 82):
 PSYoungGen      total 97280K, used 128K [0x00000000f5580000, 0x00000000fb600000, 0x0000000100000000)
  eden space 95744K, 0% used [0x00000000f5580000,0x00000000f5580000,0x00000000fb300000)
  from space 1536K, 8% used [0x00000000fb300000,0x00000000fb320000,0x00000000fb480000)
  to   space 1536K, 0% used [0x00000000fb480000,0x00000000fb480000,0x00000000fb600000)
 ParOldGen       total 86016K, used 54647K [0x00000000e0000000, 0x00000000e5400000, 0x00000000f5580000)
  object space 86016K, 63% used [0x00000000e0000000,0x00000000e355dcd0,0x00000000e5400000)
 Metaspace       used 79437K, capacity 86176K, committed 86528K, reserved 1124352K
  class space    used 9461K, capacity 11672K, committed 11776K, reserved 1048576K
Event: 4758.363 GC heap after
Heap after GC invocations=175 (full 82):
 PSYoungGen      total 97280K, used 0K [0x00000000f5580000, 0x00000000fb600000, 0x0000000100000000)
  eden space 95744K, 0% used [0x00000000f5580000,0x00000000f5580000,0x00000000fb300000)
  from space 1536K, 0% used [0x00000000fb300000,0x00000000fb300000,0x00000000fb480000)
  to   space 1536K, 0% used [0x00000000fb480000,0x00000000fb480000,0x00000000fb600000)
 ParOldGen       total 86016K, used 54647K [0x00000000e0000000, 0x00000000e5400000, 0x00000000f5580000)
  object space 86016K, 63% used [0x00000000e0000000,0x00000000e355dcb8,0x00000000e5400000)
 Metaspace       used 79437K, capacity 86176K, committed 86528K, reserved 1124352K
  class space    used 9461K, capacity 11672K, committed 11776K, reserved 1048576K
}

